<?xml version="1.0" encoding="UTF-8"?>
<!-- Generated by org.testng.reporters.JUnitXMLReporter -->
<testsuite ignored="0" hostname="192-168-1-103.tpgi.com.au" failures="0" tests="3" name="Surefire test" time="18.101" errors="0" timestamp="2023-03-05T19:42:25 AEDT">
  <testcase classname="com.weather.api.automate.CitiesWeatherDataTest" name="TestWeatherForMultipleCities" time="10.568"/>
  <testcase classname="com.weather.api.automate.CurrentWarmCity" name="FindWarmestCapitalCityInAustrlia" time="6.259"/>
  <testcase classname="com.weather.api.automate.LatLongWeatherData" name="TestWeatherDataLatLong" time="0.809"/>
</testsuite> <!-- Surefire test -->
