<?xml version="1.0" encoding="UTF-8"?>
<!-- Generated by org.testng.reporters.JUnitXMLReporter -->
<testsuite ignored="0" hostname="192-168-1-103.tpgi.com.au" failures="0" tests="3" name="Test" time="10.593" errors="0" timestamp="2023-03-06T06:21:28 AEDT">
  <testcase classname="com.weather.api.automate.LatLongWeatherData" name="TestWeatherDataLatLong" time="2.04"/>
  <testcase classname="com.weather.api.automate.CurrentWarmCity" name="FindWarmestCapitalCityInAustrlia" time="8.377"/>
  <testcase classname="com.weather.api.automate.CitiesWeatherDataTest" name="TestWeatherForMultipleCities" time="10.217"/>
</testsuite> <!-- Test -->
