<?xml version="1.0" encoding="UTF-8"?>
<!-- Generated by org.testng.reporters.JUnitXMLReporter -->
<testsuite ignored="0" hostname="192-168-1-103.tpgi.com.au" failures="0" tests="3" name="Test" time="11.035" errors="0" timestamp="2023-03-06T05:51:09 AEDT">
  <testcase classname="com.weather.api.automate.LatLongWeatherData" name="TestWeatherDataLatLong" time="2.422"/>
  <testcase classname="com.weather.api.automate.CurrentWarmCity" name="FindWarmestCapitalCityInAustrlia" time="7.854"/>
  <testcase classname="com.weather.api.automate.CitiesWeatherDataTest" name="TestWeatherForMultipleCities" time="10.514"/>
</testsuite> <!-- Test -->
