<?xml version="1.0" encoding="UTF-8"?>
<testsuite xmlns:xsi="http://www.w3.org/2001/XMLSchema-instance" xsi:noNamespaceSchemaLocation="https://maven.apache.org/surefire/maven-surefire-plugin/xsd/surefire-test-report-3.0.xsd" version="3.0" name="TestSuite" time="18.445" tests="3" errors="0" skipped="0" failures="0">
  <properties>
[...]
</properties>
  <testcase name="TestWeatherForMultipleCities" classname="com.weather.api.automate.CitiesWeatherDataTest" time="10.572">
    <system-err><![CDATA[SLF4J: Failed to load class "org.slf4j.impl.StaticLoggerBinder".
SLF4J: Defaulting to no-operation (NOP) logger implementation
SLF4J: See http://www.slf4j.org/codes.html#StaticLoggerBinder for further details.
Mar 05, 2023 7:42:07 PM com.weather.api.automate.CitiesWeatherDataTest TestWeatherForMultipleCities
INFO: As a frequent flyer, I want to get current weather data for multiple
cities in the world
Mar 05, 2023 7:42:08 PM com.weather.api.automate.CitiesWeatherDataTest TestWeatherForMultipleCities
INFO: The current user is a valid Frequent Flyer member
Mar 05, 2023 7:42:09 PM com.weather.api.automate.CitiesWeatherDataTest TestWeatherForMultipleCities
INFO: Weather for the city Russellville is: 6.8
Mar 05, 2023 7:42:10 PM com.weather.api.automate.CitiesWeatherDataTest TestWeatherForMultipleCities
INFO: Weather for the city New Delhi is: 29.0
Mar 05, 2023 7:42:11 PM com.weather.api.automate.CitiesWeatherDataTest TestWeatherForMultipleCities
INFO: Weather for the city Andorra la Vella is: 1.2
Mar 05, 2023 7:42:12 PM com.weather.api.automate.CitiesWeatherDataTest TestWeatherForMultipleCities
INFO: Weather for the city North Little Rock is: 7.8
Mar 05, 2023 7:42:13 PM com.weather.api.automate.CitiesWeatherDataTest TestWeatherForMultipleCities
INFO: Weather for the city Paragould is: 7.4
Mar 05, 2023 7:42:14 PM com.weather.api.automate.CitiesWeatherDataTest TestWeatherForMultipleCities
INFO: Weather for the city Washington, D.C. is: 7.3
Mar 05, 2023 7:42:15 PM com.weather.api.automate.CitiesWeatherDataTest TestWeatherForMultipleCities
INFO: Weather for the city Little Rock is: 7.8
Mar 05, 2023 7:42:16 PM com.weather.api.automate.CitiesWeatherDataTest TestWeatherForMultipleCities
INFO: Weather for the city Rogers is: 7.0
Mar 05, 2023 7:42:17 PM com.weather.api.automate.CitiesWeatherDataTest TestWeatherForMultipleCities
INFO: Weather for the city Maumelle is: 6.1
Mar 05, 2023 7:42:18 PM com.weather.api.automate.CitiesWeatherDataTest TestWeatherForMultipleCities
INFO: Weather for the city Pine Bluff is: 6.1
]]></system-err>
  </testcase>
  <testcase name="FindWarmestCapitalCityInAustrlia" classname="com.weather.api.automate.CurrentWarmCity" time="6.261">
    <system-err><![CDATA[Mar 05, 2023 7:42:18 PM com.weather.api.automate.CurrentWarmCity FindWarmestCapitalCityInAustrlia
INFO: As a frequent flyer, I want to programmatically find thecurrent warmest capital city in Australia
Mar 05, 2023 7:42:18 PM com.weather.api.automate.CurrentWarmCity FindWarmestCapitalCityInAustrlia
INFO: The current user is a valid Frequent Flyer member
Mar 05, 2023 7:42:18 PM com.weather.api.automate.CurrentWarmCity FindWarmestCapitalCityInAustrlia
INFO: Weather for the city Hobart is: 14.6
Mar 05, 2023 7:42:19 PM com.weather.api.automate.CurrentWarmCity FindWarmestCapitalCityInAustrlia
INFO: Weather for the city Canberra is: 27.8
Mar 05, 2023 7:42:20 PM com.weather.api.automate.CurrentWarmCity FindWarmestCapitalCityInAustrlia
INFO: Weather for the city Sydney is: 24.4
Mar 05, 2023 7:42:21 PM com.weather.api.automate.CurrentWarmCity FindWarmestCapitalCityInAustrlia
INFO: Weather for the city Brisbane is: 25.0
Mar 05, 2023 7:42:22 PM com.weather.api.automate.CurrentWarmCity FindWarmestCapitalCityInAustrlia
INFO: Weather for the city Melbourne is: 21.7
Mar 05, 2023 7:42:23 PM com.weather.api.automate.CurrentWarmCity FindWarmestCapitalCityInAustrlia
INFO: Weather for the city Darwin is: 30.0
Mar 05, 2023 7:42:24 PM com.weather.api.automate.CurrentWarmCity FindWarmestCapitalCityInAustrlia
INFO: Weather for the city Perth is: 25.0
Mar 05, 2023 7:42:24 PM com.weather.api.automate.CurrentWarmCity FindWarmestCapitalCityInAustrlia
INFO: Warmest city is Darwin is: 30.0
]]></system-err>
  </testcase>
  <testcase name="TestWeatherDataLatLong" classname="com.weather.api.automate.LatLongWeatherData" time="0.808">
    <system-err><![CDATA[Mar 05, 2023 7:42:24 PM com.weather.api.automate.LatLongWeatherData TestWeatherDataLatLong
INFO: As a frequent flyer, I want to get current weather data for the city at 
	Latitude: -33.865143, Longitude: 151.209900
Mar 05, 2023 7:42:24 PM com.weather.api.automate.LatLongWeatherData TestWeatherDataLatLong
INFO: The current user is a valid Frequent Flyer member
Mar 05, 2023 7:42:25 PM com.weather.api.automate.LatLongWeatherData TestWeatherDataLatLong
INFO: Temperature for the given lat long is:24.4
]]></system-err>
  </testcase>
</testsuite>