<?xml version="1.0" encoding="UTF-8"?>
<testsuite xmlns:xsi="http://www.w3.org/2001/XMLSchema-instance" xsi:noNamespaceSchemaLocation="https://maven.apache.org/surefire/maven-surefire-plugin/xsd/surefire-test-report-3.0.xsd" version="3.0" name="TestSuite" time="17.69" tests="3" errors="0" skipped="0" failures="0">
  <properties>
[...]
</properties>
  <testcase name="TestWeatherForMultipleCities" classname="com.weather.api.automate.CitiesWeatherDataTest" time="10.414">
    <system-err><![CDATA[SLF4J: Failed to load class "org.slf4j.impl.StaticLoggerBinder".
SLF4J: Defaulting to no-operation (NOP) logger implementation
SLF4J: See http://www.slf4j.org/codes.html#StaticLoggerBinder for further details.
Mar 06, 2023 5:17:24 AM com.weather.api.automate.CitiesWeatherDataTest TestWeatherForMultipleCities
INFO: As a frequent flyer, I want to get current weather data for multiple
cities in the world
Mar 06, 2023 5:17:25 AM com.weather.api.automate.CitiesWeatherDataTest TestWeatherForMultipleCities
INFO: The current user is a valid Frequent Flyer member
Mar 06, 2023 5:17:27 AM com.weather.api.automate.CitiesWeatherDataTest TestWeatherForMultipleCities
INFO: Weather for the cityRussellville is: 17.4
Mar 06, 2023 5:17:28 AM com.weather.api.automate.CitiesWeatherDataTest TestWeatherForMultipleCities
INFO: Weather for the cityNew Delhi is: 22.0
Mar 06, 2023 5:17:29 AM com.weather.api.automate.CitiesWeatherDataTest TestWeatherForMultipleCities
INFO: Weather for the cityAndorra la Vella is: 2.4
Mar 06, 2023 5:17:30 AM com.weather.api.automate.CitiesWeatherDataTest TestWeatherForMultipleCities
INFO: Weather for the cityNorth Little Rock is: 19.2
Mar 06, 2023 5:17:30 AM com.weather.api.automate.CitiesWeatherDataTest TestWeatherForMultipleCities
INFO: Weather for the cityParagould is: 16.5
Mar 06, 2023 5:17:31 AM com.weather.api.automate.CitiesWeatherDataTest TestWeatherForMultipleCities
INFO: Weather for the cityWashington, D.C. is: 15.8
Mar 06, 2023 5:17:32 AM com.weather.api.automate.CitiesWeatherDataTest TestWeatherForMultipleCities
INFO: Weather for the cityLittle Rock is: 19.2
Mar 06, 2023 5:17:33 AM com.weather.api.automate.CitiesWeatherDataTest TestWeatherForMultipleCities
INFO: Weather for the cityRogers is: 21.0
Mar 06, 2023 5:17:34 AM com.weather.api.automate.CitiesWeatherDataTest TestWeatherForMultipleCities
INFO: Weather for the cityMaumelle is: 21.1
Mar 06, 2023 5:17:35 AM com.weather.api.automate.CitiesWeatherDataTest TestWeatherForMultipleCities
INFO: Weather for the cityPine Bluff is: 20.0
]]></system-err>
  </testcase>
  <testcase name="FindWarmestCapitalCityInAustrlia" classname="com.weather.api.automate.CurrentWarmCity" time="5.455">
    <system-err><![CDATA[Mar 06, 2023 5:17:35 AM com.weather.api.automate.CurrentWarmCity FindWarmestCapitalCityInAustrlia
INFO: As a frequent flyer, I want to programmatically find thecurrent warmest capital city in Australia
Mar 06, 2023 5:17:35 AM com.weather.api.automate.CurrentWarmCity FindWarmestCapitalCityInAustrlia
INFO: The current user is a valid Frequent Flyer member
Mar 06, 2023 5:17:35 AM com.weather.api.automate.CurrentWarmCity FindWarmestCapitalCityInAustrlia
INFO: Weather for the city Hobart is: 16.1
Mar 06, 2023 5:17:36 AM com.weather.api.automate.CurrentWarmCity FindWarmestCapitalCityInAustrlia
INFO: Weather for the city Canberra is: 16.1
Mar 06, 2023 5:17:37 AM com.weather.api.automate.CurrentWarmCity FindWarmestCapitalCityInAustrlia
INFO: Weather for the city Sydney is: 22.2
Mar 06, 2023 5:17:38 AM com.weather.api.automate.CurrentWarmCity FindWarmestCapitalCityInAustrlia
INFO: Weather for the city Brisbane is: 19.4
Mar 06, 2023 5:17:39 AM com.weather.api.automate.CurrentWarmCity FindWarmestCapitalCityInAustrlia
INFO: Weather for the city Melbourne is: 16.7
Mar 06, 2023 5:17:39 AM com.weather.api.automate.CurrentWarmCity FindWarmestCapitalCityInAustrlia
INFO: Weather for the city Darwin is: 28.0
Mar 06, 2023 5:17:40 AM com.weather.api.automate.CurrentWarmCity FindWarmestCapitalCityInAustrlia
INFO: Weather for the city Perth is: 17.3
Mar 06, 2023 5:17:40 AM com.weather.api.automate.CurrentWarmCity FindWarmestCapitalCityInAustrlia
INFO: Warmest city is Darwin is: 28.0
]]></system-err>
  </testcase>
  <testcase name="TestWeatherDataLatLong" classname="com.weather.api.automate.LatLongWeatherData" time="0.912">
    <system-err><![CDATA[Mar 06, 2023 5:17:40 AM com.weather.api.automate.LatLongWeatherData TestWeatherDataLatLong
INFO: As a frequent flyer, I want to get current weather data for the city at 
	Latitude: -33.865143, Longitude: 151.209900
Mar 06, 2023 5:17:40 AM com.weather.api.automate.LatLongWeatherData TestWeatherDataLatLong
INFO: The current user is a valid Frequent Flyer member
Mar 06, 2023 5:17:41 AM com.weather.api.automate.LatLongWeatherData TestWeatherDataLatLong
INFO: Temperature for the given lat long is:22.2
]]></system-err>
  </testcase>
</testsuite>