<?xml version="1.0" encoding="UTF-8"?>
<testng-results ignored="0" total="3" passed="3" failed="0" skipped="0">
  <reporter-output>
  </reporter-output>
  <suite started-at="2023-03-06T06:34:08 AEDT" name="Suite" finished-at="2023-03-06T06:34:19 AEDT" duration-ms="10391">
    <groups>
      <group name="regression">
        <method signature="CitiesWeatherDataTest.TestWeatherForMultipleCities()[pri:0, instance:com.weather.api.automate.CitiesWeatherDataTest@130c12b7]" name="TestWeatherForMultipleCities" class="com.weather.api.automate.CitiesWeatherDataTest"/>
        <method signature="CurrentWarmCity.FindWarmestCapitalCityInAustrlia()[pri:0, instance:com.weather.api.automate.CurrentWarmCity@51c668e3]" name="FindWarmestCapitalCityInAustrlia" class="com.weather.api.automate.CurrentWarmCity"/>
        <method signature="LatLongWeatherData.TestWeatherDataLatLong()[pri:0, instance:com.weather.api.automate.LatLongWeatherData@2e6a8155]" name="TestWeatherDataLatLong" class="com.weather.api.automate.LatLongWeatherData"/>
      </group> <!-- regression -->
    </groups>
    <test started-at="2023-03-06T06:34:08 AEDT" name="Test" finished-at="2023-03-06T06:34:19 AEDT" duration-ms="10391">
      <class name="com.weather.api.automate.LatLongWeatherData">
        <test-method is-config="true" signature="setup()[pri:0, instance:com.weather.api.automate.LatLongWeatherData@2e6a8155]" started-at="2023-03-06T06:34:09 AEDT" name="setup" finished-at="2023-03-06T06:34:09 AEDT" duration-ms="0" status="PASS">
          <reporter-output>
          </reporter-output>
        </test-method> <!-- setup -->
        <test-method signature="TestWeatherDataLatLong()[pri:0, instance:com.weather.api.automate.LatLongWeatherData@2e6a8155]" started-at="2023-03-06T06:34:09 AEDT" name="TestWeatherDataLatLong" finished-at="2023-03-06T06:34:11 AEDT" duration-ms="2097" status="PASS">
          <reporter-output>
          </reporter-output>
        </test-method> <!-- TestWeatherDataLatLong -->
      </class> <!-- com.weather.api.automate.LatLongWeatherData -->
      <class name="com.weather.api.automate.CurrentWarmCity">
        <test-method is-config="true" signature="setup()[pri:0, instance:com.weather.api.automate.CurrentWarmCity@51c668e3]" started-at="2023-03-06T06:34:09 AEDT" name="setup" finished-at="2023-03-06T06:34:09 AEDT" duration-ms="1" status="PASS">
          <reporter-output>
          </reporter-output>
        </test-method> <!-- setup -->
        <test-method signature="FindWarmestCapitalCityInAustrlia()[pri:0, instance:com.weather.api.automate.CurrentWarmCity@51c668e3]" started-at="2023-03-06T06:34:09 AEDT" name="FindWarmestCapitalCityInAustrlia" finished-at="2023-03-06T06:34:16 AEDT" duration-ms="7206" status="PASS">
          <reporter-output>
          </reporter-output>
        </test-method> <!-- FindWarmestCapitalCityInAustrlia -->
      </class> <!-- com.weather.api.automate.CurrentWarmCity -->
      <class name="com.weather.api.automate.CitiesWeatherDataTest">
        <test-method is-config="true" signature="setup()[pri:0, instance:com.weather.api.automate.CitiesWeatherDataTest@130c12b7]" started-at="2023-03-06T06:34:08 AEDT" name="setup" finished-at="2023-03-06T06:34:09 AEDT" duration-ms="320" status="PASS">
          <reporter-output>
          </reporter-output>
        </test-method> <!-- setup -->
        <test-method signature="TestWeatherForMultipleCities()[pri:0, instance:com.weather.api.automate.CitiesWeatherDataTest@130c12b7]" started-at="2023-03-06T06:34:09 AEDT" name="TestWeatherForMultipleCities" finished-at="2023-03-06T06:34:19 AEDT" duration-ms="10044" status="PASS">
          <reporter-output>
          </reporter-output>
        </test-method> <!-- TestWeatherForMultipleCities -->
      </class> <!-- com.weather.api.automate.CitiesWeatherDataTest -->
    </test> <!-- Test -->
  </suite> <!-- Suite -->
</testng-results>
