<?xml version="1.0" encoding="UTF-8"?>
<testng-results ignored="0" total="1" passed="1" failed="0" skipped="0">
  <reporter-output>
  </reporter-output>
  <suite started-at="2023-03-05T22:13:53 AEDT" name="Default suite" finished-at="2023-03-05T22:14:04 AEDT" duration-ms="10429">
    <groups>
      <group name="regression">
        <method signature="CitiesWeatherDataTest.TestWeatherForMultipleCities()[pri:0, instance:com.weather.api.automate.CitiesWeatherDataTest@242b836]" name="TestWeatherForMultipleCities" class="com.weather.api.automate.CitiesWeatherDataTest"/>
      </group> <!-- regression -->
    </groups>
    <test started-at="2023-03-05T22:13:53 AEDT" name="Default test" finished-at="2023-03-05T22:14:04 AEDT" duration-ms="10429">
      <class name="com.weather.api.automate.CitiesWeatherDataTest">
        <test-method is-config="true" signature="setup()[pri:0, instance:com.weather.api.automate.CitiesWeatherDataTest@242b836]" started-at="2023-03-05T22:13:53 AEDT" name="setup" finished-at="2023-03-05T22:13:54 AEDT" duration-ms="491" status="PASS">
          <reporter-output>
          </reporter-output>
        </test-method> <!-- setup -->
        <test-method signature="TestWeatherForMultipleCities()[pri:0, instance:com.weather.api.automate.CitiesWeatherDataTest@242b836]" started-at="2023-03-05T22:13:54 AEDT" name="TestWeatherForMultipleCities" finished-at="2023-03-05T22:14:04 AEDT" duration-ms="9898" status="PASS">
          <reporter-output>
          </reporter-output>
        </test-method> <!-- TestWeatherForMultipleCities -->
      </class> <!-- com.weather.api.automate.CitiesWeatherDataTest -->
    </test> <!-- Default test -->
  </suite> <!-- Default suite -->
</testng-results>
